{
  "stats": {
    "suites": 1,
    "tests": 4,
    "passes": 4,
    "pending": 0,
    "failures": 0,
    "start": "2024-07-04T14:03:36.436Z",
    "end": "2024-07-04T14:03:39.217Z",
    "duration": 2781,
    "testsRegistered": 4,
    "passPercent": 100,
    "pendingPercent": 0,
    "other": 0,
    "hasOther": false,
    "skipped": 0,
    "hasSkipped": false
  },
  "results": [
    {
      "uuid": "de6df1ab-0ece-4dab-b796-bca68b1f580a",
      "title": "",
      "fullFile": "cypress/e2e/home.cy.ts",
      "file": "cypress/e2e/home.cy.ts",
      "beforeHooks": [],
      "afterHooks": [],
      "tests": [],
      "suites": [
        {
          "uuid": "9eace2f5-4f74-4ad7-bb6f-5a35e5bc6ea1",
          "title": "Ponyracer",
          "fullFile": "",
          "file": "",
          "beforeHooks": [],
          "afterHooks": [],
          "tests": [
            {
              "title": "should display title on home page",
              "fullTitle": "Ponyracer should display title on home page",
              "timedOut": null,
              "duration": 568,
              "state": "passed",
              "speed": "fast",
              "pass": true,
              "fail": false,
              "pending": false,
              "context": null,
              "code": "cy.visit('/');\ncy.contains('h1', 'Ponyracer');\ncy.contains('small', 'Always a pleasure to bet on ponies');\ncy.get('.btn-primary').contains('Login').should('have.attr', 'href', '/login');\ncy.get('.btn-primary').contains('Register').should('have.attr', 'href', '/register');",
              "err": {},
              "uuid": "cc302593-8b1a-445c-a738-9c02fe89823d",
              "parentUUID": "9eace2f5-4f74-4ad7-bb6f-5a35e5bc6ea1",
              "isHook": false,
              "skipped": false
            },
            {
              "title": "should display a navbar",
              "fullTitle": "Ponyracer should display a navbar",
              "timedOut": null,
              "duration": 211,
              "state": "passed",
              "speed": "fast",
              "pass": true,
              "fail": false,
              "pending": false,
              "context": null,
              "code": "cy.visit('/');\ncy.get(navbarBrand).contains('PonyRacer').should('have.attr', 'href', '/');\ncy.get(navbarLink).should('not.exist');",
              "err": {},
              "uuid": "21ce0069-9a1e-4d86-86f1-e7ac8e0d0407",
              "parentUUID": "9eace2f5-4f74-4ad7-bb6f-5a35e5bc6ea1",
              "isHook": false,
              "skipped": false
            },
            {
              "title": "should display a navbar collapsed on small screen",
              "fullTitle": "Ponyracer should display a navbar collapsed on small screen",
              "timedOut": null,
              "duration": 292,
              "state": "passed",
              "speed": "fast",
              "pass": true,
              "fail": false,
              "pending": false,
              "context": null,
              "code": "storeUserInLocalStorage();\ncy.viewport('iphone-6+');\ncy.visit('/');\ncy.contains(navbarBrand, 'PonyRacer');\ncy.get(navbarLink).should('not.be.visible');\n// toggle the navbar\ncy.get('.navbar-toggler').click();\ncy.get(navbarLink).should('exist');",
              "err": {},
              "uuid": "928436cd-53cd-4673-a459-dfa4045dc4e6",
              "parentUUID": "9eace2f5-4f74-4ad7-bb6f-5a35e5bc6ea1",
              "isHook": false,
              "skipped": false
            },
            {
              "title": "should log out the user",
              "fullTitle": "Ponyracer should log out the user",
              "timedOut": null,
              "duration": 1524,
              "state": "passed",
              "speed": "fast",
              "pass": true,
              "fail": false,
              "pending": false,
              "context": null,
              "code": "storeUserInLocalStorage();\nconst { fakeWS, wsOptions } = buildFakeWS();\ncy.visit('/races', wsOptions);\ncy.wait('@getRaces').its('request.headers').should('have.property', 'authorization', `Bearer ${user.token}`);\ncy.get('@ws').should('be.called');\n// user stored should be displayed\ncy.get('#current-user').should('contain', 'cedric').and('contain', '1,000');\ncy.wait(1000);\nlet angular;\ncy.window().then((win) => (angular = win.ng));\nlet document;\ncy.document().then(doc => (document = doc));\ncy.get('#current-user').then(() => {\n    fakeWS.emulateScore({\n        ...user,\n        money: 1200\n    });\n    const element = document.querySelector('pr-menu');\n    const liveComponent = angular.getComponent(element);\n    angular.applyChanges(liveComponent);\n});\n// user score updated\ncy.get('#current-user').should('contain', 'cedric').and('contain', '1,200');\n// logout\ncy.get('span.fa.fa-power-off').click();\n// should be redirected to home page\ncy.location('pathname')\n    .should('eq', '/')\n    // and localStorage should be clean\n    .and(() => expect(localStorage.getItem('rememberMe')).to.eq(null));\ncy.get(navbarLink).should('not.exist');\n// user is not displayed in navbar\ncy.get('#current-user').should('not.exist');\n// and home page offers the login link\ncy.get('.btn-primary').contains('Login').should('have.attr', 'href', '/login');",
              "err": {},
              "uuid": "63a657be-4f31-4aa7-a632-ee8f7bd2bc9e",
              "parentUUID": "9eace2f5-4f74-4ad7-bb6f-5a35e5bc6ea1",
              "isHook": false,
              "skipped": false
            }
          ],
          "suites": [],
          "passes": [
            "cc302593-8b1a-445c-a738-9c02fe89823d",
            "21ce0069-9a1e-4d86-86f1-e7ac8e0d0407",
            "928436cd-53cd-4673-a459-dfa4045dc4e6",
            "63a657be-4f31-4aa7-a632-ee8f7bd2bc9e"
          ],
          "failures": [],
          "pending": [],
          "skipped": [],
          "duration": 2595,
          "root": false,
          "rootEmpty": false,
          "_timeout": 2000
        }
      ],
      "passes": [],
      "failures": [],
      "pending": [],
      "skipped": [],
      "duration": 0,
      "root": true,
      "rootEmpty": true,
      "_timeout": 2000
    }
  ],
  "meta": {
    "mocha": {
      "version": "7.0.1"
    },
    "mochawesome": {
      "options": {
        "quiet": false,
        "reportFilename": "mochawesome",
        "saveHtml": false,
        "saveJson": true,
        "consoleReporter": "spec",
        "useInlineDiffs": false,
        "code": true
      },
      "version": "7.1.3"
    },
    "marge": {
      "options": {
        "reportDir": "results/mochawesome",
        "overwrite": false,
        "html": false,
        "json": true
      },
      "version": "6.2.0"
    }
  }
}